{"/Users/aliakbaralizada/personal/treez-test/src/index.ts": {"path":"/Users/aliakbaralizada/personal/treez-test/src/index.ts","statementMap":{"0":{"start":{"line":1,"column":0},"end":{"line":1,"column":42}},"1":{"start":{"line":3,"column":0},"end":{"line":3,"column":35}},"2":{"start":{"line":4,"column":0},"end":{"line":4,"column":35}},"3":{"start":{"line":6,"column":0},"end":{"line":6,"column":39}},"4":{"start":{"line":7,"column":12},"end":{"line":7,"column":21}},"5":{"start":{"line":9,"column":0},"end":{"line":9,"column":27}},"6":{"start":{"line":10,"column":0},"end":{"line":10,"column":null}},"7":{"start":{"line":11,"column":0},"end":{"line":16,"column":null}},"8":{"start":{"line":12,"column":4},"end":{"line":12,"column":null}},"9":{"start":{"line":13,"column":4},"end":{"line":13,"column":52}},"10":{"start":{"line":14,"column":4},"end":{"line":14,"column":59}},"11":{"start":{"line":15,"column":4},"end":{"line":15,"column":null}},"12":{"start":{"line":18,"column":0},"end":{"line":24,"column":7}},"13":{"start":{"line":19,"column":8},"end":{"line":23,"column":11}},"14":{"start":{"line":20,"column":12},"end":{"line":22,"column":43}},"15":{"start":{"line":21,"column":28},"end":{"line":21,"column":32}},"16":{"start":{"line":22,"column":32},"end":{"line":22,"column":41}},"17":{"start":{"line":27,"column":4},"end":{"line":32,"column":9}},"18":{"start":{"line":27,"column":32},"end":{"line":32,"column":8}},"19":{"start":{"line":28,"column":8},"end":{"line":31,"column":11}},"20":{"start":{"line":30,"column":12},"end":{"line":30,"column":57}},"21":{"start":{"line":33,"column":6},"end":{"line":33,"column":null}}},"fnMap":{"0":{"name":"(anonymous_7)","decl":{"start":{"line":11,"column":8},"end":{"line":11,"column":9}},"loc":{"start":{"line":11,"column":56},"end":{"line":16,"column":3}}},"1":{"name":"(anonymous_8)","decl":{"start":{"line":18,"column":18},"end":{"line":18,"column":19}},"loc":{"start":{"line":18,"column":28},"end":{"line":24,"column":5}}},"2":{"name":"(anonymous_9)","decl":{"start":{"line":19,"column":38},"end":{"line":19,"column":39}},"loc":{"start":{"line":19,"column":86},"end":{"line":23,"column":9}}},"3":{"name":"(anonymous_10)","decl":{"start":{"line":21,"column":22},"end":{"line":21,"column":25}},"loc":{"start":{"line":21,"column":28},"end":{"line":21,"column":32}}},"4":{"name":"(anonymous_11)","decl":{"start":{"line":22,"column":23},"end":{"line":22,"column":24}},"loc":{"start":{"line":22,"column":32},"end":{"line":22,"column":41}}},"5":{"name":"(anonymous_12)","decl":{"start":{"line":27,"column":21},"end":{"line":27,"column":30}},"loc":{"start":{"line":27,"column":32},"end":{"line":32,"column":8}}},"6":{"name":"(anonymous_13)","decl":{"start":{"line":27,"column":32},"end":{"line":27,"column":null}},"loc":{"start":{"line":27,"column":32},"end":{"line":32,"column":7}}},"7":{"name":"(anonymous_14)","decl":{"start":{"line":28,"column":26},"end":{"line":28,"column":29}},"loc":{"start":{"line":28,"column":31},"end":{"line":31,"column":9}}}},"branchMap":{},"s":{"0":2,"1":2,"2":2,"3":2,"4":2,"5":2,"6":2,"7":2,"8":22,"9":22,"10":22,"11":22,"12":2,"13":20,"14":22,"15":22,"16":0,"17":2,"18":2,"19":2,"20":1,"21":2},"f":{"0":22,"1":20,"2":22,"3":22,"4":0,"5":2,"6":2,"7":1},"b":{}}
,"/Users/aliakbaralizada/personal/treez-test/src/schema/inventorySchema.ts": {"path":"/Users/aliakbaralizada/personal/treez-test/src/schema/inventorySchema.ts","statementMap":{"0":{"start":{"line":1,"column":0},"end":{"line":1,"column":37}},"1":{"start":{"line":4,"column":15},"end":{"line":4,"column":30}},"2":{"start":{"line":14,"column":13},"end":{"line":32,"column":3}},"3":{"start":{"line":34,"column":13},"end":{"line":34,"column":81}},"4":{"start":{"line":39,"column":27},"end":{"line":39,"column":53}},"5":{"start":{"line":41,"column":8},"end":{"line":46,"column":11}},"6":{"start":{"line":42,"column":12},"end":{"line":44,"column":null}},"7":{"start":{"line":43,"column":16},"end":{"line":43,"column":30}},"8":{"start":{"line":45,"column":12},"end":{"line":45,"column":30}},"9":{"start":{"line":50,"column":8},"end":{"line":55,"column":11}},"10":{"start":{"line":51,"column":12},"end":{"line":53,"column":null}},"11":{"start":{"line":52,"column":16},"end":{"line":52,"column":30}},"12":{"start":{"line":54,"column":12},"end":{"line":54,"column":30}},"13":{"start":{"line":59,"column":8},"end":{"line":64,"column":11}},"14":{"start":{"line":60,"column":12},"end":{"line":62,"column":null}},"15":{"start":{"line":61,"column":16},"end":{"line":61,"column":60}},"16":{"start":{"line":63,"column":12},"end":{"line":63,"column":30}},"17":{"start":{"line":68,"column":8},"end":{"line":73,"column":11}},"18":{"start":{"line":69,"column":12},"end":{"line":71,"column":null}},"19":{"start":{"line":70,"column":16},"end":{"line":70,"column":30}},"20":{"start":{"line":72,"column":12},"end":{"line":72,"column":30}},"21":{"start":{"line":77,"column":8},"end":{"line":82,"column":11}},"22":{"start":{"line":78,"column":12},"end":{"line":80,"column":null}},"23":{"start":{"line":79,"column":16},"end":{"line":79,"column":30}},"24":{"start":{"line":81,"column":12},"end":{"line":81,"column":64}},"25":{"start":{"line":86,"column":0},"end":{"line":86,"column":31}}},"fnMap":{"0":{"name":"(anonymous_0)","decl":{"start":{"line":38,"column":11},"end":{"line":38,"column":24}},"loc":{"start":{"line":38,"column":52},"end":{"line":47,"column":5}}},"1":{"name":"(anonymous_1)","decl":{"start":{"line":41,"column":26},"end":{"line":41,"column":27}},"loc":{"start":{"line":41,"column":43},"end":{"line":46,"column":9}}},"2":{"name":"(anonymous_2)","decl":{"start":{"line":49,"column":11},"end":{"line":49,"column":22}},"loc":{"start":{"line":49,"column":51},"end":{"line":56,"column":5}}},"3":{"name":"(anonymous_3)","decl":{"start":{"line":50,"column":30},"end":{"line":50,"column":31}},"loc":{"start":{"line":50,"column":47},"end":{"line":55,"column":9}}},"4":{"name":"(anonymous_4)","decl":{"start":{"line":58,"column":11},"end":{"line":58,"column":27}},"loc":{"start":{"line":58,"column":56},"end":{"line":65,"column":5}}},"5":{"name":"(anonymous_5)","decl":{"start":{"line":59,"column":52},"end":{"line":59,"column":53}},"loc":{"start":{"line":59,"column":69},"end":{"line":64,"column":9}}},"6":{"name":"(anonymous_6)","decl":{"start":{"line":67,"column":11},"end":{"line":67,"column":24}},"loc":{"start":{"line":67,"column":53},"end":{"line":74,"column":5}}},"7":{"name":"(anonymous_7)","decl":{"start":{"line":68,"column":94},"end":{"line":68,"column":95}},"loc":{"start":{"line":68,"column":111},"end":{"line":73,"column":9}}},"8":{"name":"(anonymous_8)","decl":{"start":{"line":76,"column":11},"end":{"line":76,"column":30}},"loc":{"start":{"line":76,"column":59},"end":{"line":83,"column":5}}},"9":{"name":"(anonymous_9)","decl":{"start":{"line":77,"column":59},"end":{"line":77,"column":60}},"loc":{"start":{"line":77,"column":76},"end":{"line":82,"column":9}}}},"branchMap":{"0":{"loc":{"start":{"line":42,"column":12},"end":{"line":44,"column":null}},"type":"if","locations":[{"start":{"line":42,"column":12},"end":{"line":44,"column":null}},{"start":{"line":42,"column":12},"end":{"line":44,"column":null}}]},"1":{"loc":{"start":{"line":51,"column":12},"end":{"line":53,"column":null}},"type":"if","locations":[{"start":{"line":51,"column":12},"end":{"line":53,"column":null}},{"start":{"line":51,"column":12},"end":{"line":53,"column":null}}]},"2":{"loc":{"start":{"line":60,"column":12},"end":{"line":62,"column":null}},"type":"if","locations":[{"start":{"line":60,"column":12},"end":{"line":62,"column":null}},{"start":{"line":60,"column":12},"end":{"line":62,"column":null}}]},"3":{"loc":{"start":{"line":69,"column":12},"end":{"line":71,"column":null}},"type":"if","locations":[{"start":{"line":69,"column":12},"end":{"line":71,"column":null}},{"start":{"line":69,"column":12},"end":{"line":71,"column":null}}]},"4":{"loc":{"start":{"line":78,"column":12},"end":{"line":80,"column":null}},"type":"if","locations":[{"start":{"line":78,"column":12},"end":{"line":80,"column":null}},{"start":{"line":78,"column":12},"end":{"line":80,"column":null}}]}},"s":{"0":2,"1":2,"2":2,"3":2,"4":17,"5":17,"6":17,"7":0,"8":17,"9":1,"10":1,"11":0,"12":1,"13":0,"14":0,"15":0,"16":0,"17":1,"18":1,"19":0,"20":1,"21":1,"22":1,"23":0,"24":1,"25":2},"f":{"0":17,"1":17,"2":1,"3":1,"4":0,"5":0,"6":1,"7":1,"8":1,"9":1},"b":{"0":[0,17],"1":[0,1],"2":[0,0],"3":[0,1],"4":[0,1]}}
,"/Users/aliakbaralizada/personal/treez-test/src/schema/orderSchema.ts": {"path":"/Users/aliakbaralizada/personal/treez-test/src/schema/orderSchema.ts","statementMap":{"0":{"start":{"line":1,"column":0},"end":{"line":1,"column":37}},"1":{"start":{"line":3,"column":0},"end":{"line":3,"column":49}},"2":{"start":{"line":5,"column":15},"end":{"line":5,"column":30}},"3":{"start":{"line":19,"column":13},"end":{"line":37,"column":3}},"4":{"start":{"line":38,"column":19},"end":{"line":38,"column":63}},"5":{"start":{"line":53,"column":26},"end":{"line":53,"column":34}},"6":{"start":{"line":54,"column":26},"end":{"line":54,"column":27}},"7":{"start":{"line":55,"column":32},"end":{"line":60,"column":10}},"8":{"start":{"line":55,"column":55},"end":{"line":60,"column":10}},"9":{"start":{"line":56,"column":28},"end":{"line":56,"column":71}},"10":{"start":{"line":57,"column":12},"end":{"line":57,"column":null}},"11":{"start":{"line":58,"column":12},"end":{"line":58,"column":null}},"12":{"start":{"line":59,"column":12},"end":{"line":59,"column":18}},"13":{"start":{"line":61,"column":8},"end":{"line":61,"column":null}},"14":{"start":{"line":62,"column":25},"end":{"line":62,"column":56}},"15":{"start":{"line":63,"column":23},"end":{"line":63,"column":50}},"16":{"start":{"line":65,"column":8},"end":{"line":70,"column":11}},"17":{"start":{"line":66,"column":12},"end":{"line":68,"column":null}},"18":{"start":{"line":67,"column":16},"end":{"line":67,"column":30}},"19":{"start":{"line":69,"column":12},"end":{"line":69,"column":28}},"20":{"start":{"line":74,"column":8},"end":{"line":79,"column":11}},"21":{"start":{"line":75,"column":12},"end":{"line":77,"column":null}},"22":{"start":{"line":76,"column":16},"end":{"line":76,"column":30}},"23":{"start":{"line":78,"column":12},"end":{"line":78,"column":28}},"24":{"start":{"line":83,"column":8},"end":{"line":88,"column":11}},"25":{"start":{"line":84,"column":12},"end":{"line":86,"column":null}},"26":{"start":{"line":85,"column":16},"end":{"line":85,"column":30}},"27":{"start":{"line":87,"column":12},"end":{"line":87,"column":28}},"28":{"start":{"line":92,"column":8},"end":{"line":97,"column":11}},"29":{"start":{"line":93,"column":12},"end":{"line":95,"column":null}},"30":{"start":{"line":94,"column":16},"end":{"line":94,"column":30}},"31":{"start":{"line":96,"column":12},"end":{"line":96,"column":28}},"32":{"start":{"line":101,"column":8},"end":{"line":106,"column":11}},"33":{"start":{"line":102,"column":12},"end":{"line":104,"column":null}},"34":{"start":{"line":103,"column":16},"end":{"line":103,"column":30}},"35":{"start":{"line":105,"column":12},"end":{"line":105,"column":65}},"36":{"start":{"line":110,"column":0},"end":{"line":110,"column":25}}},"fnMap":{"0":{"name":"(anonymous_7)","decl":{"start":{"line":52,"column":17},"end":{"line":52,"column":28}},"loc":{"start":{"line":52,"column":56},"end":{"line":71,"column":null}}},"1":{"name":"(anonymous_9)","decl":{"start":{"line":55,"column":42},"end":{"line":55,"column":48}},"loc":{"start":{"line":55,"column":55},"end":{"line":60,"column":10}}},"2":{"name":"(anonymous_10)","decl":{"start":{"line":55,"column":55},"end":{"line":55,"column":null}},"loc":{"start":{"line":55,"column":55},"end":{"line":60,"column":9}}},"3":{"name":"(anonymous_11)","decl":{"start":{"line":65,"column":22},"end":{"line":65,"column":23}},"loc":{"start":{"line":65,"column":37},"end":{"line":70,"column":9}}},"4":{"name":"(anonymous_12)","decl":{"start":{"line":73,"column":11},"end":{"line":73,"column":20}},"loc":{"start":{"line":73,"column":48},"end":{"line":80,"column":5}}},"5":{"name":"(anonymous_13)","decl":{"start":{"line":74,"column":28},"end":{"line":74,"column":29}},"loc":{"start":{"line":74,"column":43},"end":{"line":79,"column":9}}},"6":{"name":"(anonymous_14)","decl":{"start":{"line":82,"column":11},"end":{"line":82,"column":25}},"loc":{"start":{"line":82,"column":53},"end":{"line":89,"column":5}}},"7":{"name":"(anonymous_15)","decl":{"start":{"line":83,"column":48},"end":{"line":83,"column":49}},"loc":{"start":{"line":83,"column":63},"end":{"line":88,"column":9}}},"8":{"name":"(anonymous_16)","decl":{"start":{"line":91,"column":11},"end":{"line":91,"column":22}},"loc":{"start":{"line":91,"column":50},"end":{"line":98,"column":5}}},"9":{"name":"(anonymous_17)","decl":{"start":{"line":92,"column":90},"end":{"line":92,"column":91}},"loc":{"start":{"line":92,"column":105},"end":{"line":97,"column":9}}},"10":{"name":"(anonymous_18)","decl":{"start":{"line":100,"column":11},"end":{"line":100,"column":28}},"loc":{"start":{"line":100,"column":56},"end":{"line":107,"column":5}}},"11":{"name":"(anonymous_19)","decl":{"start":{"line":101,"column":55},"end":{"line":101,"column":56}},"loc":{"start":{"line":101,"column":70},"end":{"line":106,"column":9}}}},"branchMap":{"0":{"loc":{"start":{"line":66,"column":12},"end":{"line":68,"column":null}},"type":"if","locations":[{"start":{"line":66,"column":12},"end":{"line":68,"column":null}},{"start":{"line":66,"column":12},"end":{"line":68,"column":null}}]},"1":{"loc":{"start":{"line":75,"column":12},"end":{"line":77,"column":null}},"type":"if","locations":[{"start":{"line":75,"column":12},"end":{"line":77,"column":null}},{"start":{"line":75,"column":12},"end":{"line":77,"column":null}}]},"2":{"loc":{"start":{"line":84,"column":12},"end":{"line":86,"column":null}},"type":"if","locations":[{"start":{"line":84,"column":12},"end":{"line":86,"column":null}},{"start":{"line":84,"column":12},"end":{"line":86,"column":null}}]},"3":{"loc":{"start":{"line":93,"column":12},"end":{"line":95,"column":null}},"type":"if","locations":[{"start":{"line":93,"column":12},"end":{"line":95,"column":null}},{"start":{"line":93,"column":12},"end":{"line":95,"column":null}}]},"4":{"loc":{"start":{"line":102,"column":12},"end":{"line":104,"column":null}},"type":"if","locations":[{"start":{"line":102,"column":12},"end":{"line":104,"column":null}},{"start":{"line":102,"column":12},"end":{"line":104,"column":null}}]}},"s":{"0":2,"1":2,"2":2,"3":2,"4":2,"5":1,"6":1,"7":1,"8":7,"9":7,"10":7,"11":7,"12":7,"13":1,"14":1,"15":1,"16":1,"17":1,"18":0,"19":1,"20":1,"21":1,"22":0,"23":1,"24":0,"25":0,"26":0,"27":0,"28":0,"29":0,"30":0,"31":0,"32":0,"33":0,"34":0,"35":0,"36":2},"f":{"0":1,"1":7,"2":7,"3":1,"4":1,"5":1,"6":0,"7":0,"8":0,"9":0,"10":0,"11":0},"b":{"0":[0,1],"1":[0,1],"2":[0,0],"3":[0,0],"4":[0,0]}}
,"/Users/aliakbaralizada/personal/treez-test/util/util.ts": {"path":"/Users/aliakbaralizada/personal/treez-test/util/util.ts","statementMap":{"0":{"start":{"line":1,"column":0},"end":{"line":1,"column":37}},"1":{"start":{"line":3,"column":0},"end":{"line":3,"column":30}},"2":{"start":{"line":6,"column":24},"end":{"line":6,"column":46}},"3":{"start":{"line":7,"column":4},"end":{"line":7,"column":27}},"4":{"start":{"line":8,"column":4},"end":{"line":8,"column":null}},"5":{"start":{"line":9,"column":4},"end":{"line":9,"column":null}},"6":{"start":{"line":10,"column":4},"end":{"line":10,"column":23}},"7":{"start":{"line":5,"column":0},"end":{"line":5,"column":16}},"8":{"start":{"line":13,"column":24},"end":{"line":13,"column":48}},"9":{"start":{"line":14,"column":4},"end":{"line":14,"column":null}},"10":{"start":{"line":15,"column":4},"end":{"line":15,"column":null}},"11":{"start":{"line":16,"column":4},"end":{"line":16,"column":23}},"12":{"start":{"line":12,"column":2},"end":{"line":12,"column":18}},"13":{"start":{"line":19,"column":24},"end":{"line":19,"column":45}},"14":{"start":{"line":20,"column":4},"end":{"line":20,"column":27}},"15":{"start":{"line":21,"column":4},"end":{"line":21,"column":null}},"16":{"start":{"line":22,"column":4},"end":{"line":22,"column":null}},"17":{"start":{"line":23,"column":4},"end":{"line":23,"column":23}},"18":{"start":{"line":18,"column":2},"end":{"line":18,"column":18}},"19":{"start":{"line":26,"column":24},"end":{"line":26,"column":45}},"20":{"start":{"line":27,"column":4},"end":{"line":27,"column":null}},"21":{"start":{"line":28,"column":4},"end":{"line":28,"column":null}},"22":{"start":{"line":29,"column":4},"end":{"line":29,"column":23}},"23":{"start":{"line":25,"column":2},"end":{"line":25,"column":18}}},"fnMap":{"0":{"name":"post","decl":{"start":{"line":5,"column":16},"end":{"line":5,"column":20}},"loc":{"start":{"line":5,"column":46},"end":{"line":11,"column":3}}},"1":{"name":"deleteRequest","decl":{"start":{"line":12,"column":18},"end":{"line":12,"column":31}},"loc":{"start":{"line":12,"column":43},"end":{"line":17,"column":3}}},"2":{"name":"putRequest","decl":{"start":{"line":18,"column":18},"end":{"line":18,"column":28}},"loc":{"start":{"line":18,"column":54},"end":{"line":24,"column":3}}},"3":{"name":"getRequest","decl":{"start":{"line":25,"column":18},"end":{"line":25,"column":28}},"loc":{"start":{"line":25,"column":40},"end":{"line":30,"column":3}}}},"branchMap":{},"s":{"0":2,"1":2,"2":18,"3":18,"4":18,"5":18,"6":18,"7":2,"8":1,"9":1,"10":1,"11":1,"12":2,"13":1,"14":1,"15":1,"16":1,"17":1,"18":2,"19":2,"20":2,"21":2,"22":2,"23":2},"f":{"0":18,"1":1,"2":1,"3":2},"b":{}}
}
