TN:
SF:/Users/aliakbaralizada/personal/treez-test/src/index.ts
FN:11,(anonymous_7)
FN:18,(anonymous_8)
FN:19,(anonymous_9)
FN:21,(anonymous_10)
FN:22,(anonymous_11)
FN:27,(anonymous_12)
FN:27,(anonymous_13)
FN:28,(anonymous_14)
FNF:8
FNH:7
FNDA:22,(anonymous_7)
FNDA:20,(anonymous_8)
FNDA:22,(anonymous_9)
FNDA:22,(anonymous_10)
FNDA:0,(anonymous_11)
FNDA:2,(anonymous_12)
FNDA:2,(anonymous_13)
FNDA:1,(anonymous_14)
DA:1,2
DA:3,2
DA:4,2
DA:6,2
DA:7,2
DA:9,2
DA:10,2
DA:11,2
DA:12,22
DA:13,22
DA:14,22
DA:15,22
DA:18,2
DA:19,20
DA:20,22
DA:21,22
DA:22,0
DA:27,2
DA:28,2
DA:30,1
DA:33,2
LF:21
LH:20
BRF:0
BRH:0
end_of_record
TN:
SF:/Users/aliakbaralizada/personal/treez-test/src/schema/inventorySchema.ts
FN:38,(anonymous_0)
FN:41,(anonymous_1)
FN:49,(anonymous_2)
FN:50,(anonymous_3)
FN:58,(anonymous_4)
FN:59,(anonymous_5)
FN:67,(anonymous_6)
FN:68,(anonymous_7)
FN:76,(anonymous_8)
FN:77,(anonymous_9)
FNF:10
FNH:8
FNDA:17,(anonymous_0)
FNDA:17,(anonymous_1)
FNDA:1,(anonymous_2)
FNDA:1,(anonymous_3)
FNDA:0,(anonymous_4)
FNDA:0,(anonymous_5)
FNDA:1,(anonymous_6)
FNDA:1,(anonymous_7)
FNDA:1,(anonymous_8)
FNDA:1,(anonymous_9)
DA:1,2
DA:4,2
DA:14,2
DA:34,2
DA:39,17
DA:41,17
DA:42,17
DA:43,0
DA:45,17
DA:50,1
DA:51,1
DA:52,0
DA:54,1
DA:59,0
DA:60,0
DA:61,0
DA:63,0
DA:68,1
DA:69,1
DA:70,0
DA:72,1
DA:77,1
DA:78,1
DA:79,0
DA:81,1
DA:86,2
LF:26
LH:18
BRDA:42,0,0,0
BRDA:42,0,1,17
BRDA:51,1,0,0
BRDA:51,1,1,1
BRDA:60,2,0,0
BRDA:60,2,1,0
BRDA:69,3,0,0
BRDA:69,3,1,1
BRDA:78,4,0,0
BRDA:78,4,1,1
BRF:10
BRH:4
end_of_record
TN:
SF:/Users/aliakbaralizada/personal/treez-test/src/schema/orderSchema.ts
FN:52,(anonymous_7)
FN:55,(anonymous_9)
FN:55,(anonymous_10)
FN:65,(anonymous_11)
FN:73,(anonymous_12)
FN:74,(anonymous_13)
FN:82,(anonymous_14)
FN:83,(anonymous_15)
FN:91,(anonymous_16)
FN:92,(anonymous_17)
FN:100,(anonymous_18)
FN:101,(anonymous_19)
FNF:12
FNH:6
FNDA:1,(anonymous_7)
FNDA:7,(anonymous_9)
FNDA:7,(anonymous_10)
FNDA:1,(anonymous_11)
FNDA:1,(anonymous_12)
FNDA:1,(anonymous_13)
FNDA:0,(anonymous_14)
FNDA:0,(anonymous_15)
FNDA:0,(anonymous_16)
FNDA:0,(anonymous_17)
FNDA:0,(anonymous_18)
FNDA:0,(anonymous_19)
DA:1,2
DA:3,2
DA:5,2
DA:19,2
DA:38,2
DA:53,1
DA:54,1
DA:55,7
DA:56,7
DA:57,7
DA:58,7
DA:59,7
DA:61,1
DA:62,1
DA:63,1
DA:65,1
DA:66,1
DA:67,0
DA:69,1
DA:74,1
DA:75,1
DA:76,0
DA:78,1
DA:83,0
DA:84,0
DA:85,0
DA:87,0
DA:92,0
DA:93,0
DA:94,0
DA:96,0
DA:101,0
DA:102,0
DA:103,0
DA:105,0
DA:110,2
LF:36
LH:22
BRDA:66,0,0,0
BRDA:66,0,1,1
BRDA:75,1,0,0
BRDA:75,1,1,1
BRDA:84,2,0,0
BRDA:84,2,1,0
BRDA:93,3,0,0
BRDA:93,3,1,0
BRDA:102,4,0,0
BRDA:102,4,1,0
BRF:10
BRH:2
end_of_record
TN:
SF:/Users/aliakbaralizada/personal/treez-test/util/util.ts
FN:5,post
FN:12,deleteRequest
FN:18,putRequest
FN:25,getRequest
FNF:4
FNH:4
FNDA:18,post
FNDA:1,deleteRequest
FNDA:1,putRequest
FNDA:2,getRequest
DA:1,2
DA:3,2
DA:5,2
DA:6,18
DA:7,18
DA:8,18
DA:9,18
DA:10,18
DA:12,2
DA:13,1
DA:14,1
DA:15,1
DA:16,1
DA:18,2
DA:19,1
DA:20,1
DA:21,1
DA:22,1
DA:23,1
DA:25,2
DA:26,2
DA:27,2
DA:28,2
DA:29,2
LF:24
LH:24
BRF:0
BRH:0
end_of_record
